# JRE version: Java(TM) SE Runtime Environment 18.9 (11.0.13+10) (build 11.0.13+10-LTS-370)
# Java VM: Java HotSpot(TM) 64-Bit Server VM 18.9 (11.0.13+10-LTS-370, mixed mode, tiered, compressed oops, g1 gc, windows-amd64)
Heap:
 garbage-first heap   total 258048K, used 66112K [0x0000000704c00000, 0x0000000800000000)
  region size 1024K, 27 young (27648K), 7 survivors (7168K)
 Metaspace       used 22186K, capacity 22597K, committed 22960K, reserved 1071104K
  class space    used 2047K, capacity 2233K, committed 2304K, reserved 1048576K
GC Heap History (10 events):
Event: 1.080 GC heap before
{Heap before GC invocations=0 (full 0):
 garbage-first heap   total 258048K, used 24576K [0x0000000704c00000, 0x0000000800000000)
  region size 1024K, 24 young (24576K), 0 survivors (0K)
 Metaspace       used 17680K, capacity 18038K, committed 18432K, reserved 1067008K
  class space    used 1560K, capacity 1757K, committed 1792K, reserved 1048576K
}
Event: 1.174 GC heap after
{Heap after GC invocations=1 (full 0):
 garbage-first heap   total 258048K, used 3137K [0x0000000704c00000, 0x0000000800000000)
  region size 1024K, 3 young (3072K), 3 survivors (3072K)
 Metaspace       used 17680K, capacity 18038K, committed 18432K, reserved 1067008K
  class space    used 1560K, capacity 1757K, committed 1792K, reserved 1048576K
}
Event: 1.545 GC heap before
{Heap before GC invocations=1 (full 0):
 garbage-first heap   total 258048K, used 17473K [0x0000000704c00000, 0x0000000800000000)
  region size 1024K, 16 young (16384K), 3 survivors (3072K)
 Metaspace       used 20716K, capacity 21117K, committed 21296K, reserved 1069056K
  class space    used 1893K, capacity 2104K, committed 2176K, reserved 1048576K
}
Event: 1.550 GC heap after
{Heap after GC invocations=2 (full 0):
 garbage-first heap   total 258048K, used 6876K [0x0000000704c00000, 0x0000000800000000)
  region size 1024K, 5 young (5120K), 5 survivors (5120K)
 Metaspace       used 20716K, capacity 21117K, committed 21296K, reserved 1069056K
  class space    used 1893K, capacity 2104K, committed 2176K, reserved 1048576K
}
Event: 2.034 GC heap before
{Heap before GC invocations=3 (full 0):
 garbage-first heap   total 258048K, used 95964K [0x0000000704c00000, 0x0000000800000000)
  region size 1024K, 53 young (54272K), 5 survivors (5120K)
 Metaspace       used 21313K, capacity 21765K, committed 22064K, reserved 1069056K
  class space    used 1962K, capacity 2169K, committed 2176K, reserved 1048576K
}
Event: 2.039 GC heap after
{Heap after GC invocations=4 (full 0):
 garbage-first heap   total 258048K, used 47024K [0x0000000704c00000, 0x0000000800000000)
  region size 1024K, 2 young (2048K), 2 survivors (2048K)
 Metaspace       used 21313K, capacity 21765K, committed 22064K, reserved 1069056K
  class space    used 1962K, capacity 2169K, committed 2176K, reserved 1048576K
}
Event: 2.272 GC heap before
{Heap before GC invocations=4 (full 0):
 garbage-first heap   total 258048K, used 138160K [0x0000000704c00000, 0x0000000800000000)
  region size 1024K, 76 young (77824K), 2 survivors (2048K)
 Metaspace       used 21313K, capacity 21765K, committed 22064K, reserved 1069056K
  class space    used 1962K, capacity 2169K, committed 2176K, reserved 1048576K
}
Event: 2.273 GC heap after
{Heap after GC invocations=5 (full 0):
 garbage-first heap   total 258048K, used 62260K [0x0000000704c00000, 0x0000000800000000)
  region size 1024K, 2 young (2048K), 2 survivors (2048K)
 Metaspace       used 21313K, capacity 21765K, committed 22064K, reserved 1069056K
  class space    used 1962K, capacity 2169K, committed 2176K, reserved 1048576K
}
Event: 2.671 GC heap before
{Heap before GC invocations=5 (full 0):
 garbage-first heap   total 258048K, used 171828K [0x0000000704c00000, 0x0000000800000000)
  region size 1024K, 99 young (101376K), 2 survivors (2048K)
 Metaspace       used 21945K, capacity 22341K, committed 22704K, reserved 1069056K
  class space    used 2032K, capacity 2233K, committed 2304K, reserved 1048576K
}
Event: 2.676 GC heap after
{Heap after GC invocations=6 (full 0):
 garbage-first heap   total 258048K, used 46656K [0x0000000704c00000, 0x0000000800000000)
  region size 1024K, 7 young (7168K), 7 survivors (7168K)
 Metaspace       used 21945K, capacity 22341K, committed 22704K, reserved 1069056K
  class space    used 2032K, capacity 2233K, committed 2304K, reserved 1048576K
}

